1531047605451	geckodriver	INFO	geckodriver 0.21.0
1531047605451	geckodriver	INFO	Listening on 127.0.0.1:50836
1531047608510	mozrunner::runner	INFO	Running command: "C:\\Program Files\\Mozilla Firefox\\firefox.exe" "-marionette" "-foreground" "-no-remote" "-profile" "C:\\Users\\akimi\\AppData\\Local\\Temp\\rust_mozprofile.dG7G4EEXYprv"
Unable to read VR Path Registry from C:\Users\akimi\AppData\Local\openvr\openvrpaths.vrpath
Unable to read VR Path Registry from C:\Users\akimi\AppData\Local\openvr\openvrpaths.vrpath
Unable to read VR Path Registry from C:\Users\akimi\AppData\Local\openvr\openvrpaths.vrpath
Unable to read VR Path Registry from C:\Users\akimi\AppData\Local\openvr\openvrpaths.vrpath
Unable to read VR Path Registry from C:\Users\akimi\AppData\Local\openvr\openvrpaths.vrpath
1531047610245	Marionette	INFO	Listening on port 50844
1531047610686	Marionette	WARN	TLS certificate errors will be ignored for this session
[Parent 7512, Gecko_IOThread] WARNING: pipe error: 109: file z:/build/build/src/ipc/chromium/src/chrome/common/ipc_channel_win.cc, line 346
[Child 4940, Chrome_ChildThread] WARNING: pipe error: 109: file z:/build/build/src/ipc/chromium/src/chrome/common/ipc_channel_win.cc, line 346
[Child 4940, Chrome_ChildT[Child 10708, Chrome_ChildThread] WARNING: pipe error: 109: file z:/build/build/src/ipc/chromium/src/chrome/common/ipc_channel_win.cc, line 346
[Child 10708, Chro[Parent 7512, Gecko_IOThread] WARNING: pipe error: 109: file z:/build/build/src/ipc/chromium/src/chrome/common/ipc_channel_win.cc, line 346
[Child 3644, Chrome_ChildThread] WARNING: pipe error: 109: file z:/build/build/src/ipc/chromium/src/chrome/common/ipc_channel_win.cc, line 346
[Child 3644, Chrome_ChildThread] WAR*** UTM:SVC TimerManager:registerTimer called after profile-before-change notification. Ignoring timer registration for id: telemetry_modules_ping
[GPU 13648, Chrome_ChildThr
###!!! [Child][MessageChannel::SendAndWait] Error: Channel error: cannot send/recv

1531047634753	geckodriver	INFO	geckodriver 0.21.0
1531047634753	geckodriver	INFO	Listening on 127.0.0.1:50873
1531047637811	mozrunner::runner	INFO	Running command: "C:\\Program Files\\Mozilla Firefox\\firefox.exe" "-marionette" "-foreground" "-no-remote" "-profile" "C:\\Users\\akimi\\AppData\\Local\\Temp\\rust_mozprofile.QN1bj2OaX7Np"
Unable to read VR Path Registry from C:\Users\akimi\AppData\Local\openvr\openvrpaths.vrpath
Unable to read VR Path Registry from C:\Users\akimi\AppData\Local\openvr\openvrpaths.vrpath
Unable to read VR Path Registry from C:\Users\akimi\AppData\Local\openvr\openvrpaths.vrpath
Unable to read VR Path Registry from C:\Users\akimi\AppData\Local\openvr\openvrpaths.vrpath
Unable to read VR Path Registry from C:\Users\akimi\AppData\Local\openvr\openvrpaths.vrpath
1531047639401	Marionette	INFO	Listening on port 50881
1531047639464	Marionette	WARN	TLS certificate errors will be ignored for this session
[Parent 1344, Gecko_IOThread] WARNING: pipe error: 109: file z:/build/build/src/ipc/chromium/src/chrome/common/ipc_channel_win.cc, line 346
[Parent 1344, Gecko_IOThread] WARNING: pipe error: 109: file z:/build/build/src/ipc/chromium/src/chrome/common/ipc_channel_win.cc, line 346
[Child 6704, Chrome_ChildThread] WARNING: pipe error: 109: file z:/build/build/src/ipc/chromium/src/chrome/common/ipc_channel_win.cc, line 346
[Child 6704, Chrome_ChildThread] WARNING: pipe error: 109: file z:[Child 1728, Chrome_ChildThread] WARNING: pipe error: 109: file z:/build/build/src/ipc/chromium/src/chrome/common/ipc_channel_win.cc, line 346
[Child 1728, Chrome_ChildThread] WARNING: pipe error: 10[Parent 1344, Gecko_IOThread] WARNING: pipe error: 109: file z:/build/build/src/ipc/chromium/src/chrome/common/ipc_channel_win.cc, line 346
[Child 11736, Chrome_ChildThread] WARNING: pipe error: 109: file z:/build/build/src/ipc/chromium/src/chrome/common/ipc_channel_win.cc, line 346
[Child 11736, Chrome_ChildThrea*** UTM:SVC TimerManager:registerTimer called after profile-before-change notification. Ignoring timer registration for id: telemetry_modules_ping
[GPU 6848, Chrome_ChildThread] WARNING: pipe 
###!!! [Child][MessageChannel::SendAndWait] Error: Channel error: cannot send/recv

1531047756308	geckodriver	INFO	geckodriver 0.21.0
1531047756308	geckodriver	INFO	Listening on 127.0.0.1:50916
1531047759371	mozrunner::runner	INFO	Running command: "C:\\Program Files\\Mozilla Firefox\\firefox.exe" "-marionette" "-foreground" "-no-remote" "-profile" "C:\\Users\\akimi\\AppData\\Local\\Temp\\rust_mozprofile.brTrPbZxWbqF"
Unable to read VR Path Registry from C:\Users\akimi\AppData\Local\openvr\openvrpaths.vrpath
Unable to read VR Path Registry from C:\Users\akimi\AppData\Local\openvr\openvrpaths.vrpath
Unable to read VR Path Registry from C:\Users\akimi\AppData\Local\openvr\openvrpaths.vrpath
Unable to read VR Path Registry from C:\Users\akimi\AppData\Local\openvr\openvrpaths.vrpath
Unable to read VR Path Registry from C:\Users\akimi\AppData\Local\openvr\openvrpaths.vrpath
1531047761025	Marionette	INFO	Listening on port 50924
1531047761519	Marionette	WARN	TLS certificate errors will be ignored for this session
[Parent 10904, Gecko_IOThread] WARNING: pipe error: 109: file z:/build/build/src/ipc/chromium/src/chrome/common/ipc_channel_win.cc, line 346
[Child 10600, Chrome_ChildThread] WARNING: pipe error: 109: file z:/build/build/src/ipc/chromium/src/chrome/common/ipc_channel_win.cc, line 346
[Child 10600, Chrome_C[Parent 10904, Gecko_IOThread] WARNING: pipe error: 109: file z:/build/build/src/ipc/chromium/src/chrome/common/ipc_channel_win.cc, line 346
[Child 1824, Chrome_ChildThread] WARNING: pipe error: 109: file z:/build/build/src/ipc/chromium/src/chrome/common/ipc_channel_win.cc, line 346
[Child 1824, Chrome_Chil[Parent 10904, Gecko_IOThread] WARNING: pipe error: 109: file z:/build/build/src/ipc/chromium/src/chrome/common/ipc_channel_win.cc, line 346
[Child 11712, Chrome_ChildThread] WARNING: pipe error: 109: file z:/build/build/src/ipc/chromium/src/chrome/common/ipc_channel_win.cc, line 346
[Child 11712, Chrome_[GPU 8292, Chrom
###!!! [Child][MessageChannel::SendAndWait] Error: Channel error: cannot send/recv

1531047921309	geckodriver	INFO	geckodriver 0.21.0
1531047921309	geckodriver	INFO	Listening on 127.0.0.1:50971
1531047924389	mozrunner::runner	INFO	Running command: "C:\\Program Files\\Mozilla Firefox\\firefox.exe" "-marionette" "-foreground" "-no-remote" "-profile" "C:\\Users\\akimi\\AppData\\Local\\Temp\\rust_mozprofile.eaBWKwK89WJo"
Unable to read VR Path Registry from C:\Users\akimi\AppData\Local\openvr\openvrpaths.vrpath
Unable to read VR Path Registry from C:\Users\akimi\AppData\Local\openvr\openvrpaths.vrpath
Unable to read VR Path Registry from C:\Users\akimi\AppData\Local\openvr\openvrpaths.vrpath
Unable to read VR Path Registry from C:\Users\akimi\AppData\Local\openvr\openvrpaths.vrpath
Unable to read VR Path Registry from C:\Users\akimi\AppData\Local\openvr\openvrpaths.vrpath
1531047926044	Marionette	INFO	Listening on port 50979
1531047926533	Marionette	WARN	TLS certificate errors will be ignored for this session
[Parent 7856, Gecko_IOThread] WARNING: pipe error: 109: file z:/build/build/src/ipc/chromium/src/chrome/common/ipc_channel_win.cc, line 346
[Child 2192, Chrome_ChildThread] WARNING: pipe error: 109: file z:/build/build/src/ipc/chromium/src/chrome/common/ipc_channel_win.cc, line 346
[Child 2192, Chrome_ChildThre[[Parent 7856, Gecko_IOThread] WARNING: pipe error: 109: file z:/build/build/src/ipc/chromium/src/chrome/common/ipc_channel_win.cc, line 346
[Child 12172, Chrome_ChildThread] WARNING: pipe error: 109: file z:/build/build/src/ipc/chromium/src/chrome/common/ipc_channel_win.cc, line 346
[Child 12172, Chrome_ChildThre[GPU 1740, Chrome_Ch
###!!! [Child][MessageChannel::SendAndWait] Error: Channel error: cannot send/recv

y from C:\Users\akimi\AppData\Local\openvr\openvrpaths.vrpath
1531048022828	Marionette	INFO	Listening on port 51019
1531048023211	Marionette	WARN	TLS certificate errors will be ignored for this session
[Parent 3256, Gecko_IOThread] WARNING: pipe error: 109: file z:/build/build/src/ipc/chromium/src/chrome/common/ipc_channel_win.cc, line 346
[Child 9756, Chrome_ChildThread] WARNING: pipe error: 109: file z:/build/build/src/ipc/chromium/src/chrome/common/ipc_channel_win.cc, line 346
[Child 9756, Chrome_ChildTh[Parent 3256, Gecko_IOThread] WARNING: pipe error: 109: file z:/build/build/src/ipc/chromium/src/chrome/common/ipc_channel_win.cc, line 346
[Child 11556, Chrome_ChildThread] WARNING: pipe error: 109: file z:/build/build/src/ipc/chromium/src/chrome/common/ipc_channel_win.cc, line 346
[Child 11556, Chrome_C[Parent 3256, Gecko_IOThread] WARNING: pipe error: 109: file z:/build/build/src/ipc/chromium/src/chrome/common/ipc_channel_win.cc, line 346
[Child 7544, Chrome_ChildThread] WARNING: pipe error: 109: file z:/build/build/src/ipc/chromium/src/chrome/common/ipc_channel_win.cc, line 346
[Child 7544, Chrome_Chil*** UTM:SVC TimerManager:registerTimer called after profile-before-change notification. Ignoring timer registration for id: telemetry_modules_ping
[GPU 14712, Chro
###!!! [Child][MessageChannel::SendAndWait] Error: Channel error: cannot send/recv

1531048416544	geckodriver	INFO	geckodriver 0.21.0
1531048416559	geckodriver	INFO	Listening on 127.0.0.1:51060
1531048425359	geckodriver	INFO	geckodriver 0.21.0
1531048425359	geckodriver	INFO	Listening on 127.0.0.1:51068
1531048428408	mozrunner::runner	INFO	Running command: "C:\\Program Files\\Mozilla Firefox\\firefox.exe" "-marionette" "-foreground" "-no-remote" "-profile" "C:\\Users\\akimi\\AppData\\Local\\Temp\\rust_mozprofile.RDD73Mp7MrBs"
Unable to read VR Path Registry from C:\Users\akimi\AppData\Local\openvr\openvrpaths.vrpath
Unable to read VR Path Registry from C:\Users\akimi\AppData\Local\openvr\openvrpaths.vrpath
Unable to read VR Path Registry from C:\Users\akimi\AppData\Local\openvr\openvrpaths.vrpath
Unable to read VR Path Registry from C:\Users\akimi\AppData\Local\openvr\openvrpaths.vrpath
Unable to read VR Path Registry from C:\Users\akimi\AppData\Local\openvr\openvrpaths.vrpath
1531048430133	Marionette	INFO	Listening on port 51076
1531048430561	Marionette	WARN	TLS certificate errors will be ignored for this session
[Parent 14248, Gecko_IOThread] WARNING: pipe error: 109: file z:/build/build/src/ipc/chromium/src/chrome/common/ipc_channel_win.cc, line 346
[Child 12932, Chrome_ChildThread] WARNING: pipe error: 109: file z:/build/build/src/ipc/chromium/src/chrome/common/ipc_channel_win.cc, line 346
[Child 12932, Chrome_ChildThread] WARNING: pi[Parent 14248, Gecko_IOThread] WARNING: pipe error: 109: file z:/build/build/src/ipc/chromium/src/chrome/common/ipc_channel_win.cc, line 346
[Child 3828, Chrome_ChildThread] WARNING: pipe error: 109: file z:/build/build/src/ipc/chromium/src/chrome/common/ipc_channel_win.cc, line 346
[Child 3828, Chrome_ChildT[Parent 14248, Gecko_IOThread] WARNING: pipe error: 109: file z:/build/build/src/ipc/chromium/src/chrome/common/ipc_channel_win.cc, line 346
[Child 6804, Chrome_ChildThread] WARNING: pipe error: 109: file z:/build/build/src/ipc/chromium/src/chrome/common/ipc_channel_win.cc, line 346
[Child 6804, Chrome_Ch*** UTM:SVC TimerManager:registerTimer called after profile-before-change notification. Ignoring timer registration for id: telemetry_modules_ping
[GPU 
###!!! [Child][MessageChannel::SendAndWait] Error: Channel error: cannot send/recv

1531048573042	geckodriver	INFO	geckodriver 0.21.0
1531048573058	geckodriver	INFO	Listening on 127.0.0.1:51108
1531048576105	mozrunner::runner	INFO	Running command: "C:\\Program Files\\Mozilla Firefox\\firefox.exe" "-marionette" "-foreground" "-no-remote" "-profile" "C:\\Users\\akimi\\AppData\\Local\\Temp\\rust_mozprofile.VYikhIfViLXS"
Unable to read VR Path Registry from C:\Users\akimi\AppData\Local\openvr\openvrpaths.vrpath
Unable to read VR Path Registry from C:\Users\akimi\AppData\Local\openvr\openvrpaths.vrpath
Unable to read VR Path Registry from C:\Users\akimi\AppData\Local\openvr\openvrpaths.vrpath
Unable to read VR Path Registry from C:\Users\akimi\AppData\Local\openvr\openvrpaths.vrpath
Unable to read VR Path Registry from C:\Users\akimi\AppData\Local\openvr\openvrpaths.vrpath
1531048577749	Marionette	INFO	Listening on port 51116
1531048577762	Marionette	WARN	TLS certificate errors will be ignored for this session
[Parent 12112, Gecko_IOThread] WARNING: pipe error: 109: file z:/build/build/src/ipc/chromium/src/chrome/common/ipc_channel_win.cc, line 346
[Child 7228, Chrome_ChildThread] WARNING: pipe error: 109: file z:/build/build/src/ipc/chromium/src/chrome/common/ipc_channel_win.cc, line 346
[Child 7228, Chrome_[Child 3164, Chrome_ChildThread] WARNING: pipe error: 109: file z:/build/build/src/ipc/chromium/src/chrome/common/ipc_channel_win.cc, line 346
[Child 3164, Chrome_Child[Parent 12112, Gecko_IOThread] WARNING: pipe error: 109: file z:/build/build/src/ipc/chromium/src/chrome/common/ipc_channel_win.cc, line 346
[Child 6032, Chrome_ChildThread] WARNING: pipe error: 109: file z:/build/build/src/ipc/chromium/src/chrome/common/ipc_channel_win.cc, line 346
[Child 6032, Chrome_ChildThread] WARNI*** UTM:SVC TimerManager:registerTimer called after profile-before-change notification. Ignoring timer registration for id: telemetry_modules_ping
[GPU 11188, Chrome_ChildThread] 
###!!! [Child][MessageChannel::SendAndWait] Error: Channel error: cannot send/recv

1531048724927	geckodriver	INFO	geckodriver 0.21.0
1531048724943	geckodriver	INFO	Listening on 127.0.0.1:51155
1531048727985	mozrunner::runner	INFO	Running command: "C:\\Program Files\\Mozilla Firefox\\firefox.exe" "-marionette" "-foreground" "-no-remote" "-profile" "C:\\Users\\akimi\\AppData\\Local\\Temp\\rust_mozprofile.qhgSt5J6jHUu"
Unable to read VR Path Registry from C:\Users\akimi\AppData\Local\openvr\openvrpaths.vrpath
Unable to read VR Path Registry from C:\Users\akimi\AppData\Local\openvr\openvrpaths.vrpath
Unable to read VR Path Registry from C:\Users\akimi\AppData\Local\openvr\openvrpaths.vrpath
Unable to read VR Path Registry from C:\Users\akimi\AppData\Local\openvr\openvrpaths.vrpath
Unable to read VR Path Registry from C:\Users\akimi\AppData\Local\openvr\openvrpaths.vrpath
1531048729604	Marionette	INFO	Listening on port 51163
1531048729677	Marionette	WARN	TLS certificate errors will be ignored for this session
[Parent 10144, Gecko_IOThread] WARNING: pipe error: 109: file z:/build/build/src/ipc/chromium/src/chrome/common/ipc_channel_win.cc, line 346
[Child 2320, Chrome_ChildThread] WARNING: pipe error: 109: file z:/build/build/src/ipc/chromium/src/chrome/common/ipc_channel_win.cc, line 346
[Parent 1014[Child 2320, Chrome_4ChildThread] W, Gecko_IOThread] WARNING: pipe error: 109: file z:/build/build/src/ipc/chromium/src/chrome/common/ipc_channel_win.cc, line 346
[Child 13788, Chrome_ChildThread] WARNING: pipe error: 109: file z:/build/build/src/ipc/chromium/src/chrome/common/ipc_channel_win.cc, line 346
[Child 13788, Chrome_ChildThread][Parent 10144, Gecko_IOThread] WARNING: pipe error: 109: file z:/build/build/src/ipc/chromium/src/chrome/common/ipc_channel_win.cc, line 346
[Child 6348, Chrome_ChildThread] WARNING: pipe error: 109: file z:/build/build/src/ipc/chromium/src/chrome/common/ipc_channel_win.cc, line 346
[Child 6348, Chrome_ChildT*** UTM:SVC TimerManager:registerTimer called after profile-before-change notification. Ignoring timer registration for id: telemetry_modules_ping
[GPU 12896, Chrom
###!!! [Child][MessageChannel::SendAndWait] Error: Channel error: cannot send/recv

1531048851622	geckodriver	INFO	geckodriver 0.21.0
1531048851622	geckodriver	INFO	Listening on 127.0.0.1:51194
1531048854686	mozrunner::runner	INFO	Running command: "C:\\Program Files\\Mozilla Firefox\\firefox.exe" "-marionette" "-foreground" "-no-remote" "-profile" "C:\\Users\\akimi\\AppData\\Local\\Temp\\rust_mozprofile.sZztYHjxFnqJ"
Unable to read VR Path Registry from C:\Users\akimi\AppData\Local\openvr\openvrpaths.vrpath
Unable to read VR Path Registry from C:\Users\akimi\AppData\Local\openvr\openvrpaths.vrpath
Unable to read VR Path Registry from C:\Users\akimi\AppData\Local\openvr\openvrpaths.vrpath
Unable to read VR Path Registry from C:\Users\akimi\AppData\Local\openvr\openvrpaths.vrpath
Unable to read VR Path Registry from C:\Users\akimi\AppData\Local\openvr\openvrpaths.vrpath
1531048856192	Marionette	INFO	Listening on port 51202
1531048856335	Marionette	WARN	TLS certificate errors will be ignored for this session
1531048977025	geckodriver	INFO	geckodriver 0.21.0
1531048977025	geckodriver	INFO	Listening on 127.0.0.1:51239
1531048980065	mozrunner::runner	INFO	Running command: "C:\\Program Files\\Mozilla Firefox\\firefox.exe" "-marionette" "-foreground" "-no-remote" "-profile" "C:\\Users\\akimi\\AppData\\Local\\Temp\\rust_mozprofile.kc1XO06tFeAk"
Unable to read VR Path Registry from C:\Users\akimi\AppData\Local\openvr\openvrpaths.vrpath
Unable to read VR Path Registry from C:\Users\akimi\AppData\Local\openvr\openvrpaths.vrpath
Unable to read VR Path Registry from C:\Users\akimi\AppData\Local\openvr\openvrpaths.vrpath
Unable to read VR Path Registry from C:\Users\akimi\AppData\Local\openvr\openvrpaths.vrpath
Unable to read VR Path Registry from C:\Users\akimi\AppData\Local\openvr\openvrpaths.vrpath
1531048981660	Marionette	INFO	Listening on port 51247
1531048981748	Marionette	WARN	TLS certificate errors will be ignored for this session
[Parent 2376, Gecko_IOThread] WARNING: pipe error: 109: file z:/build/build/src/ipc/chromium/src/chrome/common/ipc_channel_win.cc, line 346
[Child 6556, Chrome_ChildThread] WARNING: pipe error: 109: file z:/build/build/src/ipc/chromium/src/chrome/common/ipc_channel_win.cc, line 346
[Child 6556, Chrome_ChildThrUnable to read VR Path Registry from C:\Users\akimi\AppData\Local\openvr\openvrpaths.vrpath
1531049042210	geckodriver	INFO	geckodriver 0.21.0
1531049042210	geckodriver	INFO	Listening on 127.0.0.1:51282
1531049045299	mozrunner::runner	INFO	Running command: "C:\\Program Files\\Mozilla Firefox\\firefox.exe" "-marionette" "-foreground" "-no-remote" "-profile" "C:\\Users\\akimi\\AppData\\Local\\Temp\\rust_mozprofile.SR2twHQ1PDkR"
Unable to read VR Path Registry from C:\Users\akimi\AppData\Local\openvr\openvrpaths.vrpath
Unable to read VR Path Registry from C:\Users\akimi\AppData\Local\openvr\openvrpaths.vrpath
Unable to read VR Path Registry from C:\Users\akimi\AppData\Local\openvr\openvrpaths.vrpath
Unable to read VR Path Registry from C:\Users\akimi\AppData\Local\openvr\openvrpaths.vrpath
Unable to read VR Path Registry from C:\Users\akimi\AppData\Local\openvr\openvrpaths.vrpath
1531049046953	Marionette	INFO	Listening on port 51290
1531049047458	Marionette	WARN	TLS certificate errors will be ignored for this session
1531049055293	geckodriver	INFO	geckodriver 0.21.0
1531049055293	geckodriver	INFO	Listening on 127.0.0.1:51321
1531049058356	mozrunner::runner	INFO	Running command: "C:\\Program Files\\Mozilla Firefox\\firefox.exe" "-marionette" "-foreground" "-no-remote" "-profile" "C:\\Users\\akimi\\AppData\\Local\\Temp\\rust_mozprofile.cxEZyBUnPL85"
Unable to read VR Path Registry from C:\Users\akimi\AppData\Local\openvr\openvrpaths.vrpath
Unable to read VR Path Registry from C:\Users\akimi\AppData\Local\openvr\openvrpaths.vrpath
Unable to read VR Path Registry from C:\Users\akimi\AppData\Local\openvr\openvrpaths.vrpath
Unable to read VR Path Registry from C:\Users\akimi\AppData\Local\openvr\openvrpaths.vrpath
Unable to read VR Path Registry from C:\Users\akimi\AppData\Local\openvr\openvrpaths.vrpath
1531049059895	Marionette	INFO	Listening on port 51329
1531049059992	Marionette	WARN	TLS certificate errors will be ignored for this session
[Child 6964, Chrome_ChildThread] WARNING: pipe error: 109: file z:/build/build/src/ipc/chromium/src/chrome/common/ipc_channel_win.cc, line 346
[Child 6964, Chrome_ChildThread] [Child 10668, Chrome_ChildThread] WARNING: pipe error: 109: file z:/build/build/src/ipc/chromium/src/chrome/common/ipc_channel_win.cc, line 346
[Child 10668, Chrome_ChildThread] WARNING:[Parent 6600, Gecko_IOThread] WARNING: pipe error: 109: file z:/build/build/src/ipc/chromium/src/chrome/common/ipc_channel_win.cc, line 346
[Child 11336, Chrome_ChildThread] WARNING: pipe error: 109: file z:/build/build/src/ipc/chromium/src/chrome/common/ipc_channel_win.cc, line 346
[Child 11336, Ch*** UTM:SVC TimerManager:registerTimer called after profile-before-change notification. Ignoring timer registration for id: telemetry_modules_ping
[GPU 44
###!!! [Child][MessageChannel::SendAndWait] Error: Channel error: cannot send/recv

1531049330966	geckodriver	INFO	geckodriver 0.21.0
1531049330982	geckodriver	INFO	Listening on 127.0.0.1:51421
1531049334045	mozrunner::runner	INFO	Running command: "C:\\Program Files\\Mozilla Firefox\\firefox.exe" "-marionette" "-foreground" "-no-remote" "-profile" "C:\\Users\\akimi\\AppData\\Local\\Temp\\rust_mozprofile.JIHHSnWiaie6"
Unable to read VR Path Registry from C:\Users\akimi\AppData\Local\openvr\openvrpaths.vrpath
Unable to read VR Path Registry from C:\Users\akimi\AppData\Local\openvr\openvrpaths.vrpath
Unable to read VR Path Registry from C:\Users\akimi\AppData\Local\openvr\openvrpaths.vrpath
Unable to read VR Path Registry from C:\Users\akimi\AppData\Local\openvr\openvrpaths.vrpath
Unable to read VR Path Registry from C:\Users\akimi\AppData\Local\openvr\openvrpaths.vrpath
1531049335680	Marionette	INFO	Listening on port 51429
1531049335693	Marionette	WARN	TLS certificate errors will be ignored for this session
[Parent 13976, Gecko_IOThread] WARNING: pipe error: 109: file z:/build/build/src/ipc/chromium/src/chrome/common/ipc_channel_win.cc, line 346
[Child 12388, Chrome_ChildThread] WARNING: pipe error: 109: file z:/build/build/src/ipc/chromium/src/chrome/common/ipc_channel_win.cc, line 346
[Child 12388, Chrome_ChildThread][Child 9428, Chrome_ChildThread] WARNING: pipe error: 109: file z:/build/build/src/ipc/chromium/src/chrome/common/ipc_channel_win.cc, line 346
[Child 9428, Chrome_ChildThread][Parent 13976, Gecko_IOThread] WARNING: pipe error: 109: file z:/build/build/src/ipc/chromium/src/chrome/common/ipc_channel_win.cc, line 346
[Child 3344, Chrome_ChildThread] WARNING: pipe error: 109: file z:/build/build/src/ipc/chromium/src/chrome/common/ipc_channel_win.cc, line 346
[Child 3344, Chrome_ChildT*** UTM:SVC TimerManager:registerTimer called after profile-before-change notification. Ignoring timer registration for id: telemetry_modules_ping
[GPU 10484, Chrom
###!!! [Child][MessageChannel::SendAndWait] Error: Channel error: cannot send/recv

1531049370779	geckodriver	INFO	geckodriver 0.21.0
1531049370779	geckodriver	INFO	Listening on 127.0.0.1:51452
1531049373842	mozrunner::runner	INFO	Running command: "C:\\Program Files\\Mozilla Firefox\\firefox.exe" "-marionette" "-foreground" "-no-remote" "-profile" "C:\\Users\\akimi\\AppData\\Local\\Temp\\rust_mozprofile.SXXCcnCQKNmb"
Unable to read VR Path Registry from C:\Users\akimi\AppData\Local\openvr\openvrpaths.vrpath
Unable to read VR Path Registry from C:\Users\akimi\AppData\Local\openvr\openvrpaths.vrpath
Unable to read VR Path Registry from C:\Users\akimi\AppData\Local\openvr\openvrpaths.vrpath
Unable to read VR Path Registry from C:\Users\akimi\AppData\Local\openvr\openvrpaths.vrpath
Unable to read VR Path Registry from C:\Users\akimi\AppData\Local\openvr\openvrpaths.vrpath
1531049375440	Marionette	INFO	Listening on port 51460
1531049375522	Marionette	WARN	TLS certificate errors will be ignored for this session
[Child 8948, Chrome_ChildThread] WARNING: pipe error: 109: file z:/build/build/src/ipc/chromium/src/chrome/common/ipc_channel_win.cc, line 346
[Child 8948, Chrome_C[Parent 6504, Gecko_IOThread] WARNING: pipe error: 109: file z:/build/build/src/ipc/chromium/src/chrome/common/ipc_channel_win.cc, line 346
[Child 7684, Chrome_ChildThread] WARNING: pipe error: 109: file z:/build/build/src/ipc/chromium/src/chrome/common/ipc_channel_win.cc, line 346
[Child 7684, Chr[Parent 6504, Gecko_IOThread] WARNING: pipe error: 109: file z:/build/build/src/ipc/chromium/src/chrome/common/ipc_channel_win.cc, line 346
[Child 5744, Chrome_ChildThread] WARNING: pipe error: 109: file z:/build/build/src/ipc/chromium/src/chrome/common/ipc_channel_win.cc, line 346
[Child 5744, Chrome_ChildThread] WARNING:*** UTM:SVC TimerManager:registerTimer called after profile-before-change notification. Ignoring timer registration for id: telemetry_modules_ping
[GPU 9848, Chrom
###!!! [Child][MessageChannel::SendAndWait] Error: Channel error: cannot send/recv

1531049720279	geckodriver	INFO	geckodriver 0.21.0
1531049720294	geckodriver	INFO	Listening on 127.0.0.1:51484
1531049723360	mozrunner::runner	INFO	Running command: "C:\\Program Files\\Mozilla Firefox\\firefox.exe" "-marionette" "-foreground" "-no-remote" "-profile" "C:\\Users\\akimi\\AppData\\Local\\Temp\\rust_mozprofile.ftm8sWBOc6Sd"
Unable to read VR Path Registry from C:\Users\akimi\AppData\Local\openvr\openvrpaths.vrpath
Unable to read VR Path Registry from C:\Users\akimi\AppData\Local\openvr\openvrpaths.vrpath
Unable to read VR Path Registry from C:\Users\akimi\AppData\Local\openvr\openvrpaths.vrpath
Unable to read VR Path Registry from C:\Users\akimi\AppData\Local\openvr\openvrpaths.vrpath
Unable to read VR Path Registry from C:\Users\akimi\AppData\Local\openvr\openvrpaths.vrpath
1531049724929	Marionette	INFO	Listening on port 51492
1531049725030	Marionette	WARN	TLS certificate errors will be ignored for this session
[Child 9364, Chrome_ChildThread] WARNING: pipe error: 109: file z:/build/build/src/ipc/chromium/src/chrome/common/ipc_channel_win.cc, line 346
[Child 9364, Chrome_ChildThread] WARNING: pip[Parent 10636, Gecko_IOThread] WARNING: pipe error: 109: file z:/build/build/src/ipc/chromium/src/chrome/common/ipc_channel_win.cc, line 346
[Child 1508, Chrome_ChildThread] WARNING: pipe error: 109: file z:/build/build/src/ipc/chromium/src/chrome/common/ipc_channel_win.cc, line 346
[Child 1508, Chrome_[Parent 10636, Gecko_IOThread] WARNING: pipe error: 109: file z:/build/build/src/ipc/chromium/src/chrome/common/ipc_channel_win.cc, line 346
[Child 4084, Chrome_ChildThread] WARNING: pipe error: 109: file z:/build/build/src/ipc/chromium/src/chrome/common/ipc_channel_win.cc, line 346
[Child 4084, Chrome_ChildThread] WA*** UTM:SVC TimerManager:registerTimer called after profile-before-change notification. Ignoring timer registration for id: telemetry_modules_ping
[GPU 11160, Chrome_ChildThr
###!!! [Child][MessageChannel::SendAndWait] Error: Channel error: cannot send/recv

1531049797052	geckodriver	INFO	geckodriver 0.21.0
1531049797068	geckodriver	INFO	Listening on 127.0.0.1:51532
1531049800103	mozrunner::runner	INFO	Running command: "C:\\Program Files\\Mozilla Firefox\\firefox.exe" "-marionette" "-foreground" "-no-remote" "-profile" "C:\\Users\\akimi\\AppData\\Local\\Temp\\rust_mozprofile.9pOnG8mnLMjZ"
Unable to read VR Path Registry from C:\Users\akimi\AppData\Local\openvr\openvrpaths.vrpath
Unable to read VR Path Registry from C:\Users\akimi\AppData\Local\openvr\openvrpaths.vrpath
Unable to read VR Path Registry from C:\Users\akimi\AppData\Local\openvr\openvrpaths.vrpath
Unable to read VR Path Registry from C:\Users\akimi\AppData\Local\openvr\openvrpaths.vrpath
Unable to read VR Path Registry from C:\Users\akimi\AppData\Local\openvr\openvrpaths.vrpath
1531049801712	Marionette	INFO	Listening on port 51540
1531049801769	Marionette	WARN	TLS certificate errors will be ignored for this session
[Child 11192, Chrome_ChildThread] WARNING: pipe error: 109: file z:/build/build/src/ipc/chromium/src/chrome/common/ipc_channel_win.cc, line 346
[Child 11192, Chrome[Child 9836, Chrome_ChildThread] WARNING: pipe error: 109: file z:/build/build/src/ipc/chromium/src/chrome/common/ipc_channel_win.cc, line 346
[Child 9836, Chr[Parent 1180, Gecko_IOThread] WARNING: pipe error: 109: file z:/build/build/src/ipc/chromium/src/chrome/common/ipc_channel_win.cc, line 346
[Child 4372, Chrome_ChildThread] WARNING: pipe error: 109: file z:/build/build/src/ipc/chromium/src/chrome/common/ipc_channel_win.cc, line 346
[Child 4372, Chrome_ChildThread] WARNIN*** UTM:SVC TimerManager:registerTimer called after profile-before-change notification. Ignoring timer registration for id: telemetry_modules_ping
[GPU 8724, Chrome_ChildTh
###!!! [Child][MessageChannel::SendAndWait] Error: Channel error: cannot send/recv

1531050127393	geckodriver	INFO	geckodriver 0.21.0
1531050127393	geckodriver	INFO	Listening on 127.0.0.1:51837
1531050130456	mozrunner::runner	INFO	Running command: "C:\\Program Files\\Mozilla Firefox\\firefox.exe" "-marionette" "-foreground" "-no-remote" "-profile" "C:\\Users\\akimi\\AppData\\Local\\Temp\\rust_mozprofile.ghWZ6crxsjI0"
Unable to read VR Path Registry from C:\Users\akimi\AppData\Local\openvr\openvrpaths.vrpath
Unable to read VR Path Registry from C:\Users\akimi\AppData\Local\openvr\openvrpaths.vrpath
Unable to read VR Path Registry from C:\Users\akimi\AppData\Local\openvr\openvrpaths.vrpath
Unable to read VR Path Registry from C:\Users\akimi\AppData\Local\openvr\openvrpaths.vrpath
Unable to read VR Path Registry from C:\Users\akimi\AppData\Local\openvr\openvrpaths.vrpath
1531050132020	Marionette	INFO	Listening on port 51845
1531050132121	Marionette	WARN	TLS certificate errors will be ignored for this session
[Parent 12948, Gecko_IOThread] WARNING: pipe error: 109: file z:/build/build/src/ipc/chromium/src/chrome/common/ipc_channel_win.cc, line 346
[Child 4524, Chrome_ChildThread] WARNING: pipe error: 109: file z:/build/build/src/ipc/chromium/src/chrome/common/ipc_channel_win.cc, line 346
[Child 4524, Chro[Child 9392, Chrome_ChildThread] WARNING: pipe error: 109: file z:/build/build/src/ipc/chromium/src/chrome/common/ipc_channel_win.cc, line 346
[Child 9392, Chrome[Parent 12948, Gecko_IOThread] WARNING: pipe error: 109: file z:/build/build/src/ipc/chromium/src/chrome/common/ipc_channel_win.cc, line 346
[Child 11704, Chrome_ChildThread] WARNING: pipe error: 109: file z:/build/build/src/ipc/chromium/src/chrome/common/ipc_channel_win.cc, line 346
[Child 11704, Chrome_ChildThread] WARNING: pi*** UTM:SVC TimerManager:registerTimer called after profile-before-change notification. Ignoring timer registration for id: telemetry_modules_ping
[GPU 4608, Chro
###!!! [Child][MessageChannel::SendAndWait] Error: Channel error: cannot send/recv

1531050176300	geckodriver	INFO	geckodriver 0.21.0
1531050176300	geckodriver	INFO	Listening on 127.0.0.1:51870
1531050179363	mozrunner::runner	INFO	Running command: "C:\\Program Files\\Mozilla Firefox\\firefox.exe" "-marionette" "-foreground" "-no-remote" "-profile" "C:\\Users\\akimi\\AppData\\Local\\Temp\\rust_mozprofile.xLzIVh51G2h4"
Unable to read VR Path Registry from C:\Users\akimi\AppData\Local\openvr\openvrpaths.vrpath
Unable to read VR Path Registry from C:\Users\akimi\AppData\Local\openvr\openvrpaths.vrpath
Unable to read VR Path Registry from C:\Users\akimi\AppData\Local\openvr\openvrpaths.vrpath
Unable to read VR Path Registry from C:\Users\akimi\AppData\Local\openvr\openvrpaths.vrpath
Unable to read VR Path Registry from C:\Users\akimi\AppData\Local\openvr\openvrpaths.vrpath
1531050180972	Marionette	INFO	Listening on port 51878
1531050181034	Marionette	WARN	TLS certificate errors will be ignored for this session
[Parent 9672, Gecko_IOThread] WARNING: pipe error: 109: file z:/build/build/src/ipc/chromium/src/chrome/common/ipc_channel_win.cc, line 346
[Child 5508, Chrome_ChildThread] WARNING: pipe error: 109: file z:/build/build/src/ipc/chromium/src/chrome/common/ipc_channel_win.cc, line 346
[Child 5508, Ch[Parent 9672, Gecko_IOThread] WARNING: pipe error: 109: file z:/build/build/src/ipc/chromium/src/chrome/common/ipc_channel_win.cc, line 346
[Child 10824, Chrome_ChildThread] WARNING: pipe error: 109: file z:/build/build/src/ipc/chromium/src/chrome/common/ipc_channel_win.cc, line 346
[Child 10824, Chrome_ChildThread] WARNING:[Parent 9672, Gecko_IOThread] WARNING: pipe error: 109: file z:/build/build/src/ipc/chromium/src/chrome/common/ipc_channel_win.cc, line 346
*** UTM:SVC TimerManager:registerTimer called after profile-before-change notification. Ignoring timer registration for id: telemetry_modules_ping
[GPU 3804, Chrome_ChildThre
###!!! [Child][MessageChannel::SendAndWait] Error: Channel error: cannot send/recv

